<?xml version="1.0" encoding="UTF-8"?>
<testsuite name="retrylint.analysis.RetryLintAnalyzerTest" tests="2" skipped="0" failures="0" errors="0" timestamp="2026-09-06T01:53:52.980Z" hostname="DESKTOP-40LA28Q" time="1.151">
  <properties/>
  <testcase name="all three rules are combined and explicitly sorted()" classname="retrylint.analysis.RetryLintAnalyzerTest" time="1.1"/>
  <testcase name="repeated analysis has identical finding and completeness order()" classname="retrylint.analysis.RetryLintAnalyzerTest" time="0.047"/>
  <system-out><![CDATA[]]></system-out>
  <system-err><![CDATA[]]></system-err>
</testsuite>
