<?xml version="1.0" encoding="UTF-8"?>
<testsuite name="retrylint.cli.AnalyzeCommandTest" tests="11" skipped="0" failures="0" errors="0" timestamp="2026-09-06T01:53:54.138Z" hostname="DESKTOP-40LA28Q" time="0.75">
  <properties/>
  <testcase name="mixed fixture renders RL002 and RL003()" classname="retrylint.cli.AnalyzeCommandTest" time="0.262"/>
  <testcase name="default text report contains all rules and evidence()" classname="retrylint.cli.AnalyzeCommandTest" time="0.023"/>
  <testcase name="failure thresholds distinguish warnings errors and never()" classname="retrylint.cli.AnalyzeCommandTest" time="0.077"/>
  <testcase name="output option writes deterministic UTF-8 JSON without report text on stdout()" classname="retrylint.cli.AnalyzeCommandTest" time="0.184"/>
  <testcase name="invalid options and unwritable output return code two()" classname="retrylint.cli.AnalyzeCommandTest" time="0.061"/>
  <testcase name="json report is valid JSON with the same rule facts()" classname="retrylint.cli.AnalyzeCommandTest" time="0.026"/>
  <testcase name="version command reports the application version()" classname="retrylint.cli.AnalyzeCommandTest" time="0.005"/>
  <testcase name="unsupported timing reports its gap while supported findings continue()" classname="retrylint.cli.AnalyzeCommandTest" time="0.021"/>
  <testcase name="unexpected failures return code three()" classname="retrylint.cli.AnalyzeCommandTest" time="0.004"/>
  <testcase name="safe fixture completes without findings()" classname="retrylint.cli.AnalyzeCommandTest" time="0.013"/>
  <testcase name="invalid topology malformed input and invalid configuration return code two()" classname="retrylint.cli.AnalyzeCommandTest" time="0.066"/>
  <system-out><![CDATA[]]></system-out>
  <system-err><![CDATA[]]></system-err>
</testsuite>
