<?xml version="1.0" encoding="UTF-8"?>
<testsuite name="retrylint.rules.UnsafeRetryAnalyzerTest" tests="3" skipped="0" failures="0" errors="0" timestamp="2026-09-06T01:53:55.402Z" hostname="DESKTOP-40LA28Q" time="0.044">
  <properties/>
  <testcase name="decision table reports only unknown and non-idempotent repeated targets()" classname="retrylint.rules.UnsafeRetryAnalyzerTest" time="0.025"/>
  <testcase name="unsupported timeout timing does not prevent unsafe retry analysis()" classname="retrylint.rules.UnsafeRetryAnalyzerTest" time="0.01"/>
  <testcase name="unsafe retry finding says operation may be repeated and includes evidence()" classname="retrylint.rules.UnsafeRetryAnalyzerTest" time="0.007"/>
  <system-out><![CDATA[]]></system-out>
  <system-err><![CDATA[]]></system-err>
</testsuite>
