<?xml version="1.0" encoding="UTF-8"?>
<testsuite name="retrylint.rules.RetryAmplificationAnalyzerTest" tests="6" skipped="0" failures="0" errors="0" timestamp="2026-09-04T11:27:49.956Z" hostname="DESKTOP-40LA28Q" time="0.028">
  <properties/>
  <testcase name="operations unreachable from configured roots are ignored()" classname="retrylint.rules.RetryAmplificationAnalyzerTest" time="0.012"/>
  <testcase name="finding contains responsible path attempts expression and configuration evidence()" classname="retrylint.rules.RetryAmplificationAnalyzerTest" time="0.007"/>
  <testcase name="equal paths retain the first path in manifest call order()" classname="retrylint.rules.RetryAmplificationAnalyzerTest" time="0.001"/>
  <testcase name="large attempt products cannot overflow long arithmetic()" classname="retrylint.rules.RetryAmplificationAnalyzerTest" time="0.002"/>
  <testcase name="multiple roots select the root producing the greatest multiplier()" classname="retrylint.rules.RetryAmplificationAnalyzerTest" time="0.001"/>
  <testcase name="omitted retry contributes one attempt()" classname="retrylint.rules.RetryAmplificationAnalyzerTest" time="0.001"/>
  <system-out><![CDATA[]]></system-out>
  <system-err><![CDATA[]]></system-err>
</testsuite>
