<?xml version="1.0" encoding="UTF-8"?>
<testsuite name="retrylint.cli.ValidateCommandTest" tests="2" skipped="0" failures="0" errors="0" timestamp="2026-09-02T10:32:10.097Z" hostname="DESKTOP-40LA28Q" time="1.04">
  <properties/>
  <testcase name="invalid fixtures exit with input error and clear diagnostics()" classname="retrylint.cli.ValidateCommandTest" time="1.002"/>
  <testcase name="complete example exits successfully()" classname="retrylint.cli.ValidateCommandTest" time="0.032"/>
  <system-out><![CDATA[]]></system-out>
  <system-err><![CDATA[]]></system-err>
</testsuite>
