<?xml version="1.0" encoding="UTF-8"?>
<testsuite name="retrylint.config.Resilience4jContractTest" tests="4" skipped="0" failures="0" errors="0" timestamp="2026-09-04T11:27:49.782Z" hostname="DESKTOP-40LA28Q" time="0.026">
  <properties/>
  <testcase name="fixed wait and RetryConfig inheritance match resolver assumptions()" classname="retrylint.config.Resilience4jContractTest" time="0.01"/>
  <testcase name="maxAttempts includes the initial invocation()" classname="retrylint.config.Resilience4jContractTest" time="0.01"/>
  <testcase name="RetryLint retry defaults match pinned Resilience4j()" classname="retrylint.config.Resilience4jContractTest" time="0.002"/>
  <testcase name="RetryLint time-limiter default and inheritance match pinned Resilience4j()" classname="retrylint.config.Resilience4jContractTest" time="0.001"/>
  <system-out><![CDATA[]]></system-out>
  <system-err><![CDATA[]]></system-err>
</testsuite>
