<?xml version="1.0" encoding="UTF-8"?>
<testsuite name="retrylint.rules.RetryWindowCalculatorTest" tests="2" skipped="0" failures="0" errors="0" timestamp="2026-09-06T01:53:55.315Z" hostname="DESKTOP-40LA28Q" time="0.003">
  <properties/>
  <testcase name="one attempt has no retry wait()" classname="retrylint.rules.RetryWindowCalculatorTest" time="0.001"/>
  <testcase name="three attempts with four hundred millisecond timeouts and fifty millisecond waits is thirteen hundred()" classname="retrylint.rules.RetryWindowCalculatorTest" time="0.001"/>
  <system-out><![CDATA[]]></system-out>
  <system-err><![CDATA[]]></system-err>
</testsuite>
