<?xml version="1.0" encoding="UTF-8"?>
<testsuite name="retrylint.config.DurationParserTest" tests="2" skipped="0" failures="0" errors="0" timestamp="2026-09-06T01:53:54.944Z" hostname="DESKTOP-40LA28Q" time="0.004">
  <properties/>
  <testcase name="invalid duration fails clearly()" classname="retrylint.config.DurationParserTest" time="0.003"/>
  <testcase name="parses supported simple and ISO durations()" classname="retrylint.config.DurationParserTest" time="0.0"/>
  <system-out><![CDATA[]]></system-out>
  <system-err><![CDATA[]]></system-err>
</testsuite>
