<?xml version="1.0" encoding="UTF-8"?>
<testsuite name="retrylint.graph.TopologyValidatorTest" tests="4" skipped="0" failures="0" errors="0" timestamp="2026-09-06T01:53:55.125Z" hostname="DESKTOP-40LA28Q" time="0.031">
  <properties/>
  <testcase name="cycle fails with its concrete operation path()" classname="retrylint.graph.TopologyValidatorTest" time="0.007"/>
  <testcase name="missing operation reference fails clearly()" classname="retrylint.graph.TopologyValidatorTest" time="0.009"/>
  <testcase name="duplicate service ID fails clearly()" classname="retrylint.graph.TopologyValidatorTest" time="0.006"/>
  <testcase name="complete example builds maps and passes topological sorting()" classname="retrylint.graph.TopologyValidatorTest" time="0.006"/>
  <system-out><![CDATA[]]></system-out>
  <system-err><![CDATA[]]></system-err>
</testsuite>
