<?xml version="1.0" encoding="UTF-8"?>
<testsuite name="retrylint.config.ServiceConfigurationResolverTest" tests="7" skipped="0" failures="0" errors="0" timestamp="2026-09-06T01:53:55.011Z" hostname="DESKTOP-40LA28Q" time="0.112">
  <properties/>
  <testcase name="unknown base configuration fails clearly()" classname="retrylint.config.ServiceConfigurationResolverTest" time="0.016"/>
  <testcase name="uses supported Resilience4j defaults for instances()" classname="retrylint.config.ServiceConfigurationResolverTest" time="0.012"/>
  <testcase name="named base chains and instance values merge using both key spellings()" classname="retrylint.config.ServiceConfigurationResolverTest" time="0.014"/>
  <testcase name="invalid configured duration fails clearly()" classname="retrylint.config.ServiceConfigurationResolverTest" time="0.025"/>
  <testcase name="unsupported backoff remains explicit while attempts still resolve()" classname="retrylint.config.ServiceConfigurationResolverTest" time="0.012"/>
  <testcase name="base configuration cycle fails with its chain()" classname="retrylint.config.ServiceConfigurationResolverTest" time="0.016"/>
  <testcase name="randomized wait interval functions and custom aspect order are marked unsupported()" classname="retrylint.config.ServiceConfigurationResolverTest" time="0.006"/>
  <system-out><![CDATA[]]></system-out>
  <system-err><![CDATA[]]></system-err>
</testsuite>
